<?xml version="1.0" encoding="UTF-8"?><testrun name="runnerlogin" project="Myliaison" tests="2" started="2" failures="0" errors="1" ignored="0">
  <testsuite name="stepDefinitions.runnerlogin" time="51.176">
    <testsuite name="Test Login" time="51.176">
      <testcase name="Check login is successful with valid credentials" classname="Test Login" time="14.177"/>
      <testcase name="Save Biographic" classname="Test Login" time="36.999">
        <error>io.cucumber.java.PendingException: TODO: implement me&#13;
	at stepDefinitions.loginSteps.click_about_me(loginSteps.java:103)&#13;
	at âœ½.click profile(file:///C:/Users/rmelagir/eclipse-workspace/Myliaison/src/main/resources/Features/login.feature:21)&#13;
&#13;
</error>
      </testcase>
    </testsuite>
  </testsuite>
</testrun>
