<?xml version="1.0" encoding="UTF-8"?><testrun name="runnerlogin" project="Myliaison" tests="1" started="1" failures="0" errors="1" ignored="0">
  <testsuite name="stepDefinitions.runnerlogin" time="9.803">
    <testsuite name="Test Login" time="9.803">
      <testcase name="Check login is successful with valid credentials" classname="Test Login" time="9.803">
        <error>io.cucumber.junit.UndefinedStepException: The step 'enter &lt;username&gt; and &lt;pwd&gt;' is undefined.
You can implement this step using the snippet(s) below:

@When("enter &lt;username&gt; and &lt;pwd&gt;")
public void enter_username_and_pwd() {
    // Write code here that turns the phrase above into concrete actions
    throw new io.cucumber.java.PendingException();
}
&#13;
&#13;
</error>
      </testcase>
    </testsuite>
  </testsuite>
</testrun>
