<?xml version="1.0" encoding="UTF-8"?><testrun name="runnerlogin" project="Myliaison" tests="1" started="1" failures="0" errors="1" ignored="0">
  <testsuite name="stepDefinitions.runnerlogin" time="10.563">
    <testsuite name="Test Login" time="10.563">
      <testcase name="Save About me" classname="Test Login" time="10.563">
        <error>io.cucumber.junit.UndefinedStepException: The step 'User navigates to My Profile' and 2 other step(s) are undefined.
You can implement these steps using the snippet(s) below:

@When("User navigates to My Profile")
public void user_navigates_to_my_profile() {
    // Write code here that turns the phrase above into concrete actions
    throw new io.cucumber.java.PendingException();
}
@When("click About me")
public void click_about_me() {
    // Write code here that turns the phrase above into concrete actions
    throw new io.cucumber.java.PendingException();
}
@Then("Save About me")
public void save_about_me() {
    // Write code here that turns the phrase above into concrete actions
    throw new io.cucumber.java.PendingException();
}
&#13;
&#13;
</error>
      </testcase>
    </testsuite>
  </testsuite>
</testrun>
